[2025-09-14 17:52:58] [INFO    ] discord.client: logging in using static token
[2025-09-14 17:52:59] [DEBUG   ] discord.http: GET https://discord.com/api/v10/users/@me with None has returned 200
[2025-09-14 17:52:59] [DEBUG   ] discord.http: GET /users/@me has found its initial rate limit bucket hash (78bb8553d9352a5a2f89f9def401287a).
[2025-09-14 17:52:59] [DEBUG   ] discord.http: GET https://discord.com/api/v10/users/@me has received {'id': '1416704429972914267', 'username': 'SERA', 'avatar': None, 'discriminator': '6406', 'public_flags': 0, 'flags': 0, 'bot': True, 'banner': None, 'accent_color': None, 'global_name': None, 'avatar_decoration_data': None, 'collectibles': None, 'display_name_styles': None, 'banner_color': None, 'clan': None, 'primary_guild': None, 'mfa_enabled': False, 'locale': 'en-US', 'premium_type': 0, 'email': None, 'verified': True, 'bio': ''}
[2025-09-14 17:52:59] [DEBUG   ] discord.http: GET https://discord.com/api/v10/oauth2/applications/@me with None has returned 200
[2025-09-14 17:52:59] [DEBUG   ] discord.http: GET /oauth2/applications/@me has found its initial rate limit bucket hash (d28a133af187e91d71d96a223467ce49).
[2025-09-14 17:52:59] [DEBUG   ] discord.http: GET https://discord.com/api/v10/oauth2/applications/@me has received {'id': '1416704429972914267', 'name': 'SERA', 'icon': None, 'description': '', 'type': None, 'bot': {'id': '1416704429972914267', 'username': 'SERA', 'avatar': None, 'discriminator': '6406', 'public_flags': 0, 'flags': 0, 'bot': True, 'banner': None, 'accent_color': None, 'global_name': None, 'avatar_decoration_data': None, 'collectibles': None, 'display_name_styles': None, 'banner_color': None, 'clan': None, 'primary_guild': None}, 'summary': '', 'is_monetized': False, 'is_verified': False, 'is_discoverable': False, 'bot_public': True, 'bot_require_code_grant': False, 'install_params': {'scopes': ['applications.commands'], 'permissions': '0'}, 'integration_types_config': {'0': {'oauth2_install_params': {'scopes': ['applications.commands'], 'permissions': '0'}}, '1': {'oauth2_install_params': {'scopes': ['applications.commands'], 'permissions': '0'}}}, 'verify_key': '67d79e9bc3c935b866b9c8807b1e0c03f7fd952384a40e6995535f9731c90ae6', 'flags': 557056, 'hook': True, 'storefront_available': False, 'redirect_uris': [], 'interactions_endpoint_url': None, 'role_connections_verification_url': None, 'owner': {'id': '1376294004034899972', 'username': 'infininoir', 'avatar': 'c984dba5b9be97a9e5f942731731fb70', 'discriminator': '0', 'public_flags': 128, 'flags': 128, 'banner': None, 'accent_color': None, 'global_name': 'NoÃ¯r', 'avatar_decoration_data': {'asset': 'a_64c339e0c128dcb279ae201b1190d9d3', 'sku_id': '1407510667489185793', 'expires_at': 1761433200}, 'collectibles': None, 'display_name_styles': None, 'banner_color': None, 'clan': {'identity_guild_id': '823037096553611295', 'identity_enabled': True, 'tag': 'SWAG', 'badge': 'e0fb315519bcb35d53e4ac4fb5b81b8c'}, 'primary_guild': {'identity_guild_id': '823037096553611295', 'identity_enabled': True, 'tag': 'SWAG', 'badge': 'e0fb315519bcb35d53e4ac4fb5b81b8c'}}, 'approximate_guild_count': 0, 'approximate_user_install_count': 0, 'approximate_user_authorization_count': 0, 'interactions_event_types': [], 'interactions_version': 1, 'explicit_content_filter': 0, 'rpc_application_state': 0, 'store_application_state': 1, 'verification_state': 1, 'integration_public': True, 'integration_require_code_grant': False, 'discoverability_state': 1, 'discovery_eligibility_flags': 224, 'monetization_state': 1, 'verification_eligibility_flags': 91036, 'monetization_eligibility_flags': 181988, 'team': None, 'internal_guild_restriction': 2, 'approved_consoles': [], 'pricing_localization_strategy': 'localized_price_sets'}
[2025-09-14 17:52:59] [DEBUG   ] discord.gateway: Created websocket connected to wss://gateway.discord.gg/
[2025-09-14 17:52:59] [DEBUG   ] discord.gateway: For Shard ID None: WebSocket Event: {'t': None, 's': None, 'op': 10, 'd': {'heartbeat_interval': 41250, '_trace': ['["gateway-prd-arm-us-east1-b-3794",{"micros":0.0}]']}}
[2025-09-14 17:52:59] [DEBUG   ] discord.gateway: Shard ID None has sent the IDENTIFY payload.
[2025-09-14 17:53:00] [DEBUG   ] discord.gateway: For Shard ID None: WebSocket Event: {'t': None, 's': None, 'op': 11, 'd': None}
[2025-09-14 17:53:00] [DEBUG   ] discord.gateway: For Shard ID None: WebSocket Event: {'t': 'READY', 's': 1, 'op': 0, 'd': {'v': 10, 'user_settings': {}, 'user': {'verified': True, 'username': 'SERA', 'primary_guild': None, 'mfa_enabled': False, 'id': '1416704429972914267', 'global_name': None, 'flags': 0, 'email': None, 'discriminator': '6406', 'clan': None, 'bot': True, 'avatar': None}, 'session_type': 'normal', 'session_id': 'acc064e20b0d4354a92937a3be855157', 'resume_gateway_url': 'wss://gateway-us-east1-b.discord.gg', 'relationships': [], 'private_channels': [], 'presences': [], 'guilds': [{'unavailable': True, 'id': '1416739100324663338'}], 'guild_join_requests': [], 'geo_ordered_rtc_regions': ['india', 'hongkong', 'singapore', 'dubai', 'saudi-arabia'], 'game_relationships': [], 'auth': {}, 'application': {'id': '1416704429972914267', 'flags': 557056}, '_trace': ['["gateway-prd-arm-us-east1-b-3794",{"micros":256507,"calls":["id_created",{"micros":1323,"calls":[]},"session_lookup_time",{"micros":337,"calls":[]},"session_lookup_finished",{"micros":9,"calls":[]},"discord-sessions-prd-2-61",{"micros":253205,"calls":["start_session",{"micros":243129,"calls":["discord-api-rpc-6c68f9c9d5-n8dpj",{"micros":182671,"calls":["get_user",{"micros":11332},"get_guilds",{"micros":7250},"send_scheduled_deletion_message",{"micros":11},"guild_join_requests",{"micros":2},"authorized_ip_coro",{"micros":10},"pending_payments",{"micros":26396},"apex_experiments",{"micros":21593},"user_activities",{"micros":6},"played_application_ids",{"micros":10}]}]},"starting_guild_connect",{"micros":57,"calls":[]},"presence_started",{"micros":320,"calls":[]},"guilds_started",{"micros":79,"calls":[]},"lobbies_started",{"micros":1,"calls":[]},"guilds_connect",{"micros":2,"calls":[]},"presence_connect",{"micros":9599,"calls":[]},"connect_finished",{"micros":9604,"calls":[]},"build_ready",{"micros":12,"calls":[]},"clean_ready",{"micros":1,"calls":[]},"optimize_ready",{"micros":0,"calls":[]},"split_ready",{"micros":1,"calls":[]}]}]}]']}}
[2025-09-14 17:53:00] [DEBUG   ] discord.client: Dispatching event socket_event_type
[2025-09-14 17:53:00] [INFO    ] discord.gateway: Shard ID None has connected to Gateway (Session ID: acc064e20b0d4354a92937a3be855157).
[2025-09-14 17:53:00] [DEBUG   ] discord.client: Dispatching event connect
[2025-09-14 17:53:00] [DEBUG   ] discord.gateway: For Shard ID None: WebSocket Event: {'t': 'GUILD_CREATE', 's': 2, 'op': 0, 'd': {'stickers': [], 'emojis': [], 'application_command_counts': {}, 'profile': None, 'presences': [], 'latest_onboarding_question_id': None, 'region': 'deprecated', 'unavailable': False, 'premium_progress_bar_enabled': False, 'owner_id': '1376294004034899972', 'explicit_content_filter': 0, 'nsfw': False, 'id': '1416739100324663338', 'premium_features': None, 'embedded_activities': [], 'name': 'check', 'max_members': 25000000, 'joined_at': '2025-09-14T10:56:33.181561+00:00', 'discovery_splash': None, 'application_id': None, 'rules_channel_id': None, 'nsfw_level': 0, 'system_channel_flags': 0, 'system_channel_id': '1416739100953677897', 'incidents_data': None, 'threads': [], 'mfa_level': 0, 'owner_configured_content_level': 0, 'hub_type': None, 'icon': None, 'description': None, 'max_video_channel_users': 25, 'verification_level': 0, 'preferred_locale': 'en-US', 'public_updates_channel_id': None, 'soundboard_sounds': [], 'roles': [{'version': 1757847323483, 'unicode_emoji': None, 'tags': {}, 'position': 0, 'permissions': '2248473465835073', 'name': '@everyone', 'mentionable': False, 'managed': False, 'id': '1416739100324663338', 'icon': None, 'hoist': False, 'flags': 0, 'colors': {'tertiary_color': None, 'secondary_color': None, 'primary_color': 0}, 'color': 0}, {'version': 1757851518783, 'unicode_emoji': None, 'tags': {'bot_id': '1416704429972914267'}, 'position': 1, 'permissions': '2815076453444672', 'name': 'SERA', 'mentionable': False, 'managed': True, 'id': '1416739393133084813', 'icon': None, 'hoist': False, 'flags': 0, 'colors': {'tertiary_color': None, 'secondary_color': None, 'primary_color': 10070709}, 'color': 10070709}], 'inventory_settings': None, 'lazy': True, 'afk_timeout': 300, 'premium_subscription_count': 0, 'banner': None, 'safety_alerts_channel_id': None, 'large': False, 'guild_scheduled_events': [], 'voice_states': [], 'features': [], 'channels': [{'version': 1757847323486, 'type': 4, 'position': 0, 'permission_overwrites': [], 'name': 'Text Channels', 'id': '1416739100953677895', 'flags': 0}, {'version': 1757847323489, 'type': 4, 'position': 0, 'permission_overwrites': [], 'name': 'Voice Channels', 'id': '1416739100953677896', 'flags': 0}, {'version': 1757847323502, 'type': 0, 'topic': None, 'rate_limit_per_user': 0, 'position': 0, 'permission_overwrites': [], 'parent_id': '1416739100953677895', 'name': 'general', 'last_message_id': '1416760879050920018', 'id': '1416739100953677897', 'icon_emoji': {'name': 'ðŸ‘‹', 'id': None}, 'flags': 0}, {'version': 1757847323520, 'user_limit': 0, 'type': 2, 'rtc_region': None, 'rate_limit_per_user': 0, 'position': 0, 'permission_overwrites': [], 'parent_id': '1416739100953677896', 'name': 'General', 'last_message_id': None, 'id': '1416739100953677898', 'icon_emoji': {'name': 'ðŸŽ™', 'id': None}, 'flags': 0, 'bitrate': 64000}], 'home_header': None, 'activity_instances': [], 'vanity_url_code': None, 'moderator_reporting': None, 'premium_tier': 0, 'stage_instances': [], 'afk_channel_id': None, 'version': 1757851481146, 'member_count': 3, 'max_stage_video_channel_users': 50, 'default_message_notifications': 0, 'splash': None, 'members': [{'user': {'username': 'SERA', 'public_flags': 0, 'primary_guild': None, 'id': '1416704429972914267', 'global_name': None, 'display_name_styles': None, 'display_name': None, 'discriminator': '6406', 'collectibles': None, 'bot': True, 'avatar_decoration_data': None, 'avatar': None}, 'roles': ['1416739393133084813'], 'premium_since': None, 'pending': False, 'nick': None, 'mute': False, 'joined_at': '2025-09-14T10:56:33.181561+00:00', 'flags': 0, 'deaf': False, 'communication_disabled_until': None, 'banner': None, 'avatar': None}]}}
[2025-09-14 17:53:00] [DEBUG   ] discord.client: Dispatching event socket_event_type
[2025-09-14 17:53:00] [DEBUG   ] discord.gateway: For Shard ID None: WebSocket Event: {'t': 'GUILD_MEMBERS_CHUNK', 's': 3, 'op': 0, 'd': {'nonce': '2a75612dc51d626c1eaeae9d88face34', 'members': [{'user': {'username': 'infininoir', 'public_flags': 128, 'primary_guild': {'tag': 'SWAG', 'identity_guild_id': '823037096553611295', 'identity_enabled': True, 'badge': 'e0fb315519bcb35d53e4ac4fb5b81b8c'}, 'id': '1376294004034899972', 'global_name': 'NoÃ¯r', 'display_name_styles': None, 'display_name': 'NoÃ¯r', 'discriminator': '0', 'collectibles': None, 'bot': False, 'avatar_decoration_data': {'sku_id': '1407510667489185793', 'expires_at': 1761433200, 'asset': 'a_64c339e0c128dcb279ae201b1190d9d3'}, 'avatar': 'c984dba5b9be97a9e5f942731731fb70'}, 'roles': [], 'premium_since': None, 'pending': False, 'nick': None, 'mute': False, 'joined_at': '2025-09-14T10:55:23.389000+00:00', 'flags': 0, 'deaf': False, 'communication_disabled_until': None, 'banner': None, 'avatar': None}, {'user': {'username': 'mambo_mambo_00', 'public_flags': 0, 'primary_guild': None, 'id': '1401879567848833028', 'global_name': 'Mambo', 'display_name_styles': None, 'display_name': 'Mambo', 'discriminator': '0', 'collectibles': None, 'bot': False, 'avatar_decoration_data': None, 'avatar': '2de847f2610e34da3a977a6aa8abfc05'}, 'roles': [], 'premium_since': None, 'pending': False, 'nick': None, 'mute': False, 'joined_at': '2025-09-14T11:41:21.681363+00:00', 'flags': 1, 'deaf': False, 'communication_disabled_until': None, 'banner': None, 'avatar': None}, {'user': {'username': 'SERA', 'public_flags': 0, 'primary_guild': None, 'id': '1416704429972914267', 'global_name': None, 'display_name_styles': None, 'display_name': None, 'discriminator': '6406', 'collectibles': None, 'bot': True, 'avatar_decoration_data': None, 'avatar': None}, 'roles': ['1416739393133084813'], 'premium_since': None, 'pending': False, 'nick': None, 'mute': False, 'joined_at': '2025-09-14T10:56:33.181561+00:00', 'flags': 0, 'deaf': False, 'communication_disabled_until': None, 'banner': None, 'avatar': None}], 'guild_id': '1416739100324663338', 'chunk_index': 0, 'chunk_count': 1}}
[2025-09-14 17:53:00] [DEBUG   ] discord.client: Dispatching event socket_event_type
[2025-09-14 17:53:00] [DEBUG   ] discord.state: Processed a chunk for 3 members in guild ID 1416739100324663338.
[2025-09-14 17:53:02] [DEBUG   ] discord.client: Dispatching event guild_available
[2025-09-14 17:53:02] [DEBUG   ] discord.client: Dispatching event ready
[2025-09-14 17:53:11] [DEBUG   ] discord.gateway: For Shard ID None: WebSocket Event: {'t': 'MESSAGE_CREATE', 's': 4, 'op': 0, 'd': {'type': 0, 'tts': False, 'timestamp': '2025-09-14T12:23:13.637000+00:00', 'pinned': False, 'nonce': '1416761195121082368', 'mentions': [], 'mention_roles': [], 'mention_everyone': False, 'member': {'roles': [], 'premium_since': None, 'pending': False, 'nick': None, 'mute': False, 'joined_at': '2025-09-14T10:55:23.389000+00:00', 'flags': 0, 'deaf': False, 'communication_disabled_until': None, 'banner': None, 'avatar': None}, 'id': '1416761205900443729', 'flags': 0, 'embeds': [], 'edited_timestamp': None, 'content': '/hello', 'components': [], 'channel_type': 0, 'channel_id': '1416739100953677897', 'author': {'username': 'infininoir', 'public_flags': 128, 'primary_guild': {'tag': 'SWAG', 'identity_guild_id': '823037096553611295', 'identity_enabled': True, 'badge': 'e0fb315519bcb35d53e4ac4fb5b81b8c'}, 'id': '1376294004034899972', 'global_name': 'NoÃ¯r', 'display_name_styles': None, 'discriminator': '0', 'collectibles': None, 'clan': {'tag': 'SWAG', 'identity_guild_id': '823037096553611295', 'identity_enabled': True, 'badge': 'e0fb315519bcb35d53e4ac4fb5b81b8c'}, 'avatar_decoration_data': {'sku_id': '1407510667489185793', 'expires_at': 1761433200, 'asset': 'a_64c339e0c128dcb279ae201b1190d9d3'}, 'avatar': 'c984dba5b9be97a9e5f942731731fb70'}, 'attachments': [], 'guild_id': '1416739100324663338'}}
[2025-09-14 17:53:11] [DEBUG   ] discord.client: Dispatching event socket_event_type
[2025-09-14 17:53:11] [DEBUG   ] discord.client: Dispatching event message
[2025-09-14 17:53:11] [DEBUG   ] discord.client: Dispatching event command
[2025-09-14 17:53:12] [DEBUG   ] discord.gateway: For Shard ID None: WebSocket Event: {'t': 'MESSAGE_CREATE', 's': 5, 'op': 0, 'd': {'type': 0, 'tts': False, 'timestamp': '2025-09-14T12:23:14.122000+00:00', 'pinned': False, 'nonce': '13232067490600205831', 'mentions': [{'username': 'infininoir', 'public_flags': 128, 'primary_guild': {'tag': 'SWAG', 'identity_guild_id': '823037096553611295', 'identity_enabled': True, 'badge': 'e0fb315519bcb35d53e4ac4fb5b81b8c'}, 'member': {'roles': [], 'premium_since': None, 'pending': False, 'nick': None, 'mute': False, 'joined_at': '2025-09-14T10:55:23.389000+00:00', 'flags': 0, 'deaf': False, 'communication_disabled_until': None, 'banner': None, 'avatar': None}, 'id': '1376294004034899972', 'global_name': 'NoÃ¯r', 'display_name_styles': None, 'discriminator': '0', 'collectibles': None, 'clan': {'tag': 'SWAG', 'identity_guild_id': '823037096553611295', 'identity_enabled': True, 'badge': 'e0fb315519bcb35d53e4ac4fb5b81b8c'}, 'avatar_decoration_data': {'sku_id': '1407510667489185793', 'expires_at': 1761433200, 'asset': 'a_64c339e0c128dcb279ae201b1190d9d3'}, 'avatar': 'c984dba5b9be97a9e5f942731731fb70'}], 'mention_roles': [], 'mention_everyone': False, 'member': {'roles': ['1416739393133084813'], 'premium_since': None, 'pending': False, 'nick': None, 'mute': False, 'joined_at': '2025-09-14T10:56:33.181561+00:00', 'flags': 0, 'deaf': False, 'communication_disabled_until': None, 'banner': None, 'avatar': None}, 'id': '1416761207934681199', 'flags': 0, 'embeds': [], 'edited_timestamp': None, 'content': 'Hello <@1376294004034899972>!', 'components': [], 'channel_type': 0, 'channel_id': '1416739100953677897', 'author': {'username': 'SERA', 'public_flags': 0, 'primary_guild': None, 'id': '1416704429972914267', 'global_name': None, 'display_name_styles': None, 'discriminator': '6406', 'collectibles': None, 'clan': None, 'bot': True, 'avatar_decoration_data': None, 'avatar': None}, 'attachments': [], 'guild_id': '1416739100324663338'}}
[2025-09-14 17:53:12] [DEBUG   ] discord.client: Dispatching event socket_event_type
[2025-09-14 17:53:12] [DEBUG   ] discord.client: Dispatching event message
[2025-09-14 17:53:12] [DEBUG   ] discord.http: POST https://discord.com/api/v10/channels/1416739100953677897/messages with {"content":"Hello <@1376294004034899972>!","components":[],"nonce":"13232067490600205831","enforce_nonce":true,"tts":false} has returned 200
[2025-09-14 17:53:12] [DEBUG   ] discord.http: POST /channels/{channel_id}/messages has found its initial rate limit bucket hash (3df15bae86f6647dd4dfcbd5c6949480).
[2025-09-14 17:53:12] [DEBUG   ] discord.http: POST https://discord.com/api/v10/channels/1416739100953677897/messages has received {'type': 0, 'content': 'Hello <@1376294004034899972>!', 'mentions': [{'id': '1376294004034899972', 'username': 'infininoir', 'avatar': 'c984dba5b9be97a9e5f942731731fb70', 'discriminator': '0', 'public_flags': 128, 'flags': 128, 'banner': None, 'accent_color': None, 'global_name': 'NoÃ¯r', 'avatar_decoration_data': {'asset': 'a_64c339e0c128dcb279ae201b1190d9d3', 'sku_id': '1407510667489185793', 'expires_at': 1761433200}, 'collectibles': None, 'display_name_styles': None, 'banner_color': None, 'clan': {'identity_guild_id': '823037096553611295', 'identity_enabled': True, 'tag': 'SWAG', 'badge': 'e0fb315519bcb35d53e4ac4fb5b81b8c'}, 'primary_guild': {'identity_guild_id': '823037096553611295', 'identity_enabled': True, 'tag': 'SWAG', 'badge': 'e0fb315519bcb35d53e4ac4fb5b81b8c'}}], 'mention_roles': [], 'attachments': [], 'embeds': [], 'timestamp': '2025-09-14T12:23:14.122000+00:00', 'edited_timestamp': None, 'flags': 0, 'components': [], 'id': '1416761207934681199', 'channel_id': '1416739100953677897', 'author': {'id': '1416704429972914267', 'username': 'SERA', 'avatar': None, 'discriminator': '6406', 'public_flags': 0, 'flags': 0, 'bot': True, 'banner': None, 'accent_color': None, 'global_name': None, 'avatar_decoration_data': None, 'collectibles': None, 'display_name_styles': None, 'banner_color': None, 'clan': None, 'primary_guild': None}, 'pinned': False, 'mention_everyone': False, 'tts': False, 'nonce': '13232067490600205831'}
[2025-09-14 17:53:12] [DEBUG   ] discord.client: Dispatching event command_error
[2025-09-14 17:53:12] [ERROR   ] discord.ext.commands.bot: Ignoring exception in command hello
Traceback (most recent call last):
  File "C:\Bot\.venv\lib\site-packages\discord\ext\commands\core.py", line 266, in wrapped
    ret = await coro(*args, **kwargs)
  File "c:\Bot\main.py", line 43, in hello
    await interaction.response.send_message(f"Hello {interaction.user.mention}!")
NameError: name 'interaction' is not defined

The above exception was the direct cause of the following exception:

Traceback (most recent call last):
  File "C:\Bot\.venv\lib\site-packages\discord\ext\commands\bot.py", line 1376, in invoke
    await ctx.command.invoke(ctx)
  File "C:\Bot\.venv\lib\site-packages\discord\ext\commands\core.py", line 1064, in invoke
    await injected(*ctx.args, **ctx.kwargs)  # type: ignore
  File "C:\Bot\.venv\lib\site-packages\discord\ext\commands\core.py", line 275, in wrapped
    raise CommandInvokeError(exc) from exc
discord.ext.commands.errors.CommandInvokeError: Command raised an exception: NameError: name 'interaction' is not defined
[2025-09-14 17:53:41] [DEBUG   ] discord.gateway: Keeping shard ID None websocket alive with sequence 5.
[2025-09-14 17:53:41] [DEBUG   ] discord.gateway: For Shard ID None: WebSocket Event: {'t': None, 's': None, 'op': 11, 'd': None}
[2025-09-14 17:54:22] [DEBUG   ] discord.gateway: Keeping shard ID None websocket alive with sequence 5.
[2025-09-14 17:54:22] [DEBUG   ] discord.gateway: For Shard ID None: WebSocket Event: {'t': None, 's': None, 'op': 11, 'd': None}
[2025-09-14 17:55:03] [DEBUG   ] discord.gateway: Keeping shard ID None websocket alive with sequence 5.
[2025-09-14 17:55:04] [DEBUG   ] discord.gateway: For Shard ID None: WebSocket Event: {'t': None, 's': None, 'op': 11, 'd': None}
[2025-09-14 17:55:45] [DEBUG   ] discord.gateway: Keeping shard ID None websocket alive with sequence 5.
[2025-09-14 17:55:45] [DEBUG   ] discord.gateway: For Shard ID None: WebSocket Event: {'t': None, 's': None, 'op': 11, 'd': None}
[2025-09-14 17:55:46] [DEBUG   ] discord.gateway: For Shard ID None: WebSocket Event: {'t': 'MESSAGE_CREATE', 's': 6, 'op': 0, 'd': {'type': 0, 'tts': False, 'timestamp': '2025-09-14T12:25:48.337000+00:00', 'pinned': False, 'nonce': '1416761844290289664', 'mentions': [], 'mention_roles': [], 'mention_everyone': False, 'member': {'roles': [], 'premium_since': None, 'pending': False, 'nick': None, 'mute': False, 'joined_at': '2025-09-14T10:55:23.389000+00:00', 'flags': 0, 'deaf': False, 'communication_disabled_until': None, 'banner': None, 'avatar': None}, 'id': '1416761854759403581', 'flags': 0, 'embeds': [], 'edited_timestamp': None, 'content': '/hello', 'components': [], 'channel_type': 0, 'channel_id': '1416739100953677897', 'author': {'username': 'infininoir', 'public_flags': 128, 'primary_guild': {'tag': 'SWAG', 'identity_guild_id': '823037096553611295', 'identity_enabled': True, 'badge': 'e0fb315519bcb35d53e4ac4fb5b81b8c'}, 'id': '1376294004034899972', 'global_name': 'NoÃ¯r', 'display_name_styles': None, 'discriminator': '0', 'collectibles': None, 'clan': {'tag': 'SWAG', 'identity_guild_id': '823037096553611295', 'identity_enabled': True, 'badge': 'e0fb315519bcb35d53e4ac4fb5b81b8c'}, 'avatar_decoration_data': {'sku_id': '1407510667489185793', 'expires_at': 1761433200, 'asset': 'a_64c339e0c128dcb279ae201b1190d9d3'}, 'avatar': 'c984dba5b9be97a9e5f942731731fb70'}, 'attachments': [], 'guild_id': '1416739100324663338'}}
[2025-09-14 17:55:46] [DEBUG   ] discord.client: Dispatching event socket_event_type
[2025-09-14 17:55:46] [DEBUG   ] discord.client: Dispatching event message
[2025-09-14 17:55:46] [DEBUG   ] discord.client: Dispatching event command
[2025-09-14 17:55:46] [DEBUG   ] discord.gateway: For Shard ID None: WebSocket Event: {'t': 'MESSAGE_CREATE', 's': 7, 'op': 0, 'd': {'type': 0, 'tts': False, 'timestamp': '2025-09-14T12:25:48.791000+00:00', 'pinned': False, 'nonce': '11718942578607548541', 'mentions': [{'username': 'infininoir', 'public_flags': 128, 'primary_guild': {'tag': 'SWAG', 'identity_guild_id': '823037096553611295', 'identity_enabled': True, 'badge': 'e0fb315519bcb35d53e4ac4fb5b81b8c'}, 'member': {'roles': [], 'premium_since': None, 'pending': False, 'nick': None, 'mute': False, 'joined_at': '2025-09-14T10:55:23.389000+00:00', 'flags': 0, 'deaf': False, 'communication_disabled_until': None, 'banner': None, 'avatar': None}, 'id': '1376294004034899972', 'global_name': 'NoÃ¯r', 'display_name_styles': None, 'discriminator': '0', 'collectibles': None, 'clan': {'tag': 'SWAG', 'identity_guild_id': '823037096553611295', 'identity_enabled': True, 'badge': 'e0fb315519bcb35d53e4ac4fb5b81b8c'}, 'avatar_decoration_data': {'sku_id': '1407510667489185793', 'expires_at': 1761433200, 'asset': 'a_64c339e0c128dcb279ae201b1190d9d3'}, 'avatar': 'c984dba5b9be97a9e5f942731731fb70'}], 'mention_roles': [], 'mention_everyone': False, 'member': {'roles': ['1416739393133084813'], 'premium_since': None, 'pending': False, 'nick': None, 'mute': False, 'joined_at': '2025-09-14T10:56:33.181561+00:00', 'flags': 0, 'deaf': False, 'communication_disabled_until': None, 'banner': None, 'avatar': None}, 'id': '1416761856663486495', 'flags': 0, 'embeds': [], 'edited_timestamp': None, 'content': 'Hello <@1376294004034899972>!', 'components': [], 'channel_type': 0, 'channel_id': '1416739100953677897', 'author': {'username': 'SERA', 'public_flags': 0, 'primary_guild': None, 'id': '1416704429972914267', 'global_name': None, 'display_name_styles': None, 'discriminator': '6406', 'collectibles': None, 'clan': None, 'bot': True, 'avatar_decoration_data': None, 'avatar': None}, 'attachments': [], 'guild_id': '1416739100324663338'}}
[2025-09-14 17:55:46] [DEBUG   ] discord.client: Dispatching event socket_event_type
[2025-09-14 17:55:46] [DEBUG   ] discord.client: Dispatching event message
[2025-09-14 17:55:46] [DEBUG   ] discord.http: POST https://discord.com/api/v10/channels/1416739100953677897/messages with {"content":"Hello <@1376294004034899972>!","components":[],"nonce":"11718942578607548541","enforce_nonce":true,"tts":false} has returned 200
[2025-09-14 17:55:46] [DEBUG   ] discord.http: POST https://discord.com/api/v10/channels/1416739100953677897/messages has received {'type': 0, 'content': 'Hello <@1376294004034899972>!', 'mentions': [{'id': '1376294004034899972', 'username': 'infininoir', 'avatar': 'c984dba5b9be97a9e5f942731731fb70', 'discriminator': '0', 'public_flags': 128, 'flags': 128, 'banner': None, 'accent_color': None, 'global_name': 'NoÃ¯r', 'avatar_decoration_data': {'asset': 'a_64c339e0c128dcb279ae201b1190d9d3', 'sku_id': '1407510667489185793', 'expires_at': 1761433200}, 'collectibles': None, 'display_name_styles': None, 'banner_color': None, 'clan': {'identity_guild_id': '823037096553611295', 'identity_enabled': True, 'tag': 'SWAG', 'badge': 'e0fb315519bcb35d53e4ac4fb5b81b8c'}, 'primary_guild': {'identity_guild_id': '823037096553611295', 'identity_enabled': True, 'tag': 'SWAG', 'badge': 'e0fb315519bcb35d53e4ac4fb5b81b8c'}}], 'mention_roles': [], 'attachments': [], 'embeds': [], 'timestamp': '2025-09-14T12:25:48.791000+00:00', 'edited_timestamp': None, 'flags': 0, 'components': [], 'id': '1416761856663486495', 'channel_id': '1416739100953677897', 'author': {'id': '1416704429972914267', 'username': 'SERA', 'avatar': None, 'discriminator': '6406', 'public_flags': 0, 'flags': 0, 'bot': True, 'banner': None, 'accent_color': None, 'global_name': None, 'avatar_decoration_data': None, 'collectibles': None, 'display_name_styles': None, 'banner_color': None, 'clan': None, 'primary_guild': None}, 'pinned': False, 'mention_everyone': False, 'tts': False, 'nonce': '11718942578607548541'}
[2025-09-14 17:55:46] [DEBUG   ] discord.client: Dispatching event command_error
[2025-09-14 17:55:46] [ERROR   ] discord.ext.commands.bot: Ignoring exception in command hello
Traceback (most recent call last):
  File "C:\Bot\.venv\lib\site-packages\discord\ext\commands\core.py", line 266, in wrapped
    ret = await coro(*args, **kwargs)
  File "c:\Bot\main.py", line 43, in hello
    await interaction.response.send_message(f"Hello {interaction.user.mention}!")
NameError: name 'interaction' is not defined

The above exception was the direct cause of the following exception:

Traceback (most recent call last):
  File "C:\Bot\.venv\lib\site-packages\discord\ext\commands\bot.py", line 1376, in invoke
    await ctx.command.invoke(ctx)
  File "C:\Bot\.venv\lib\site-packages\discord\ext\commands\core.py", line 1064, in invoke
    await injected(*ctx.args, **ctx.kwargs)  # type: ignore
  File "C:\Bot\.venv\lib\site-packages\discord\ext\commands\core.py", line 275, in wrapped
    raise CommandInvokeError(exc) from exc
discord.ext.commands.errors.CommandInvokeError: Command raised an exception: NameError: name 'interaction' is not defined
[2025-09-14 17:56:26] [DEBUG   ] discord.gateway: Keeping shard ID None websocket alive with sequence 7.
[2025-09-14 17:56:26] [DEBUG   ] discord.gateway: For Shard ID None: WebSocket Event: {'t': None, 's': None, 'op': 11, 'd': None}
[2025-09-14 17:57:07] [DEBUG   ] discord.gateway: Keeping shard ID None websocket alive with sequence 7.
[2025-09-14 17:57:07] [DEBUG   ] discord.gateway: For Shard ID None: WebSocket Event: {'t': None, 's': None, 'op': 11, 'd': None}
[2025-09-14 17:57:48] [DEBUG   ] discord.gateway: Keeping shard ID None websocket alive with sequence 7.
[2025-09-14 17:57:49] [DEBUG   ] discord.gateway: For Shard ID None: WebSocket Event: {'t': None, 's': None, 'op': 11, 'd': None}
[2025-09-14 17:58:30] [DEBUG   ] discord.gateway: Keeping shard ID None websocket alive with sequence 7.
[2025-09-14 17:58:30] [DEBUG   ] discord.gateway: For Shard ID None: WebSocket Event: {'t': None, 's': None, 'op': 11, 'd': None}
[2025-09-14 17:59:11] [DEBUG   ] discord.gateway: Keeping shard ID None websocket alive with sequence 7.
[2025-09-14 17:59:11] [DEBUG   ] discord.gateway: For Shard ID None: WebSocket Event: {'t': None, 's': None, 'op': 11, 'd': None}
[2025-09-14 17:59:52] [DEBUG   ] discord.gateway: Keeping shard ID None websocket alive with sequence 7.
[2025-09-14 17:59:52] [DEBUG   ] discord.gateway: For Shard ID None: WebSocket Event: {'t': None, 's': None, 'op': 11, 'd': None}
[2025-09-14 18:00:33] [DEBUG   ] discord.gateway: Keeping shard ID None websocket alive with sequence 7.
[2025-09-14 18:00:34] [DEBUG   ] discord.gateway: For Shard ID None: WebSocket Event: {'t': None, 's': None, 'op': 11, 'd': None}
[2025-09-14 18:01:15] [DEBUG   ] discord.gateway: Keeping shard ID None websocket alive with sequence 7.
[2025-09-14 18:01:15] [DEBUG   ] discord.gateway: For Shard ID None: WebSocket Event: {'t': None, 's': None, 'op': 11, 'd': None}
[2025-09-14 18:01:56] [DEBUG   ] discord.gateway: Keeping shard ID None websocket alive with sequence 7.
[2025-09-14 18:01:56] [DEBUG   ] discord.gateway: For Shard ID None: WebSocket Event: {'t': None, 's': None, 'op': 11, 'd': None}
[2025-09-14 18:02:37] [DEBUG   ] discord.gateway: Keeping shard ID None websocket alive with sequence 7.
[2025-09-14 18:02:37] [DEBUG   ] discord.gateway: For Shard ID None: WebSocket Event: {'t': None, 's': None, 'op': 11, 'd': None}
[2025-09-14 18:03:18] [DEBUG   ] discord.gateway: Keeping shard ID None websocket alive with sequence 7.
[2025-09-14 18:03:19] [DEBUG   ] discord.gateway: For Shard ID None: WebSocket Event: {'t': None, 's': None, 'op': 11, 'd': None}
[2025-09-14 18:04:00] [DEBUG   ] discord.gateway: Keeping shard ID None websocket alive with sequence 7.
[2025-09-14 18:04:00] [DEBUG   ] discord.gateway: For Shard ID None: WebSocket Event: {'t': None, 's': None, 'op': 11, 'd': None}
[2025-09-14 18:04:41] [DEBUG   ] discord.gateway: Keeping shard ID None websocket alive with sequence 7.
[2025-09-14 18:04:41] [DEBUG   ] discord.gateway: For Shard ID None: WebSocket Event: {'t': None, 's': None, 'op': 11, 'd': None}
[2025-09-14 18:05:22] [DEBUG   ] discord.gateway: Keeping shard ID None websocket alive with sequence 7.
[2025-09-14 18:05:23] [DEBUG   ] discord.gateway: For Shard ID None: WebSocket Event: {'t': None, 's': None, 'op': 11, 'd': None}
[2025-09-14 18:06:03] [DEBUG   ] discord.gateway: Keeping shard ID None websocket alive with sequence 7.
[2025-09-14 18:06:04] [DEBUG   ] discord.gateway: For Shard ID None: WebSocket Event: {'t': None, 's': None, 'op': 11, 'd': None}
[2025-09-14 18:06:45] [DEBUG   ] discord.gateway: Keeping shard ID None websocket alive with sequence 7.
[2025-09-14 18:06:45] [DEBUG   ] discord.gateway: For Shard ID None: WebSocket Event: {'t': None, 's': None, 'op': 11, 'd': None}
[2025-09-14 18:07:26] [DEBUG   ] discord.gateway: Keeping shard ID None websocket alive with sequence 7.
[2025-09-14 18:07:26] [DEBUG   ] discord.gateway: For Shard ID None: WebSocket Event: {'t': None, 's': None, 'op': 11, 'd': None}
[2025-09-14 18:08:07] [DEBUG   ] discord.gateway: Keeping shard ID None websocket alive with sequence 7.
[2025-09-14 18:08:08] [DEBUG   ] discord.gateway: For Shard ID None: WebSocket Event: {'t': None, 's': None, 'op': 11, 'd': None}
[2025-09-14 18:08:48] [DEBUG   ] discord.gateway: Keeping shard ID None websocket alive with sequence 7.
[2025-09-14 18:08:49] [DEBUG   ] discord.gateway: For Shard ID None: WebSocket Event: {'t': None, 's': None, 'op': 11, 'd': None}
[2025-09-14 18:09:30] [DEBUG   ] discord.gateway: Keeping shard ID None websocket alive with sequence 7.
[2025-09-14 18:09:30] [DEBUG   ] discord.gateway: For Shard ID None: WebSocket Event: {'t': None, 's': None, 'op': 11, 'd': None}
[2025-09-14 18:10:11] [DEBUG   ] discord.gateway: Keeping shard ID None websocket alive with sequence 7.
[2025-09-14 18:10:11] [DEBUG   ] discord.gateway: For Shard ID None: WebSocket Event: {'t': None, 's': None, 'op': 11, 'd': None}
[2025-09-14 18:10:52] [DEBUG   ] discord.gateway: Keeping shard ID None websocket alive with sequence 7.
[2025-09-14 18:10:53] [DEBUG   ] discord.gateway: For Shard ID None: WebSocket Event: {'t': None, 's': None, 'op': 11, 'd': None}
[2025-09-14 18:11:34] [DEBUG   ] discord.gateway: Keeping shard ID None websocket alive with sequence 7.
[2025-09-14 18:11:34] [DEBUG   ] discord.gateway: For Shard ID None: WebSocket Event: {'t': None, 's': None, 'op': 11, 'd': None}
[2025-09-14 18:12:15] [DEBUG   ] discord.gateway: Keeping shard ID None websocket alive with sequence 7.
[2025-09-14 18:12:15] [DEBUG   ] discord.gateway: For Shard ID None: WebSocket Event: {'t': None, 's': None, 'op': 11, 'd': None}
[2025-09-14 18:12:56] [DEBUG   ] discord.gateway: Keeping shard ID None websocket alive with sequence 7.
[2025-09-14 18:12:56] [DEBUG   ] discord.gateway: For Shard ID None: WebSocket Event: {'t': None, 's': None, 'op': 11, 'd': None}
[2025-09-14 18:13:37] [DEBUG   ] discord.gateway: Keeping shard ID None websocket alive with sequence 7.
[2025-09-14 18:13:38] [DEBUG   ] discord.gateway: For Shard ID None: WebSocket Event: {'t': None, 's': None, 'op': 11, 'd': None}
[2025-09-14 18:14:19] [DEBUG   ] discord.gateway: Keeping shard ID None websocket alive with sequence 7.
[2025-09-14 18:14:19] [DEBUG   ] discord.gateway: For Shard ID None: WebSocket Event: {'t': None, 's': None, 'op': 11, 'd': None}
[2025-09-14 18:15:00] [DEBUG   ] discord.gateway: Keeping shard ID None websocket alive with sequence 7.
[2025-09-14 18:15:00] [DEBUG   ] discord.gateway: For Shard ID None: WebSocket Event: {'t': None, 's': None, 'op': 11, 'd': None}
[2025-09-14 18:15:41] [DEBUG   ] discord.gateway: Keeping shard ID None websocket alive with sequence 7.
[2025-09-14 18:15:41] [DEBUG   ] discord.gateway: For Shard ID None: WebSocket Event: {'t': None, 's': None, 'op': 11, 'd': None}
[2025-09-14 18:16:22] [DEBUG   ] discord.gateway: Keeping shard ID None websocket alive with sequence 7.
[2025-09-14 18:16:23] [DEBUG   ] discord.gateway: For Shard ID None: WebSocket Event: {'t': None, 's': None, 'op': 11, 'd': None}
[2025-09-14 18:17:04] [DEBUG   ] discord.gateway: Keeping shard ID None websocket alive with sequence 7.
[2025-09-14 18:17:04] [DEBUG   ] discord.gateway: For Shard ID None: WebSocket Event: {'t': None, 's': None, 'op': 11, 'd': None}
[2025-09-14 18:17:45] [DEBUG   ] discord.gateway: Keeping shard ID None websocket alive with sequence 7.
[2025-09-14 18:17:45] [DEBUG   ] discord.gateway: For Shard ID None: WebSocket Event: {'t': None, 's': None, 'op': 11, 'd': None}
[2025-09-14 18:18:26] [DEBUG   ] discord.gateway: Keeping shard ID None websocket alive with sequence 7.
[2025-09-14 18:18:26] [DEBUG   ] discord.gateway: For Shard ID None: WebSocket Event: {'t': None, 's': None, 'op': 11, 'd': None}
[2025-09-14 18:19:07] [DEBUG   ] discord.gateway: Keeping shard ID None websocket alive with sequence 7.
[2025-09-14 18:19:08] [DEBUG   ] discord.gateway: For Shard ID None: WebSocket Event: {'t': None, 's': None, 'op': 11, 'd': None}
[2025-09-14 18:19:49] [DEBUG   ] discord.gateway: Keeping shard ID None websocket alive with sequence 7.
[2025-09-14 18:19:49] [DEBUG   ] discord.gateway: For Shard ID None: WebSocket Event: {'t': None, 's': None, 'op': 11, 'd': None}
[2025-09-14 18:20:30] [DEBUG   ] discord.gateway: Keeping shard ID None websocket alive with sequence 7.
[2025-09-14 18:20:30] [DEBUG   ] discord.gateway: For Shard ID None: WebSocket Event: {'t': None, 's': None, 'op': 11, 'd': None}
[2025-09-14 18:21:11] [DEBUG   ] discord.gateway: Keeping shard ID None websocket alive with sequence 7.
[2025-09-14 18:21:11] [DEBUG   ] discord.gateway: For Shard ID None: WebSocket Event: {'t': None, 's': None, 'op': 11, 'd': None}
[2025-09-14 18:21:52] [DEBUG   ] discord.gateway: Keeping shard ID None websocket alive with sequence 7.
[2025-09-14 18:21:53] [DEBUG   ] discord.gateway: For Shard ID None: WebSocket Event: {'t': None, 's': None, 'op': 11, 'd': None}
[2025-09-14 18:22:34] [DEBUG   ] discord.gateway: Keeping shard ID None websocket alive with sequence 7.
[2025-09-14 18:22:34] [DEBUG   ] discord.gateway: For Shard ID None: WebSocket Event: {'t': None, 's': None, 'op': 11, 'd': None}
[2025-09-14 18:23:15] [DEBUG   ] discord.gateway: Keeping shard ID None websocket alive with sequence 7.
[2025-09-14 18:23:15] [DEBUG   ] discord.gateway: For Shard ID None: WebSocket Event: {'t': None, 's': None, 'op': 11, 'd': None}
[2025-09-14 18:23:56] [DEBUG   ] discord.gateway: Keeping shard ID None websocket alive with sequence 7.
[2025-09-14 18:23:57] [DEBUG   ] discord.gateway: For Shard ID None: WebSocket Event: {'t': None, 's': None, 'op': 11, 'd': None}
[2025-09-14 18:24:37] [DEBUG   ] discord.gateway: Keeping shard ID None websocket alive with sequence 7.
[2025-09-14 18:24:38] [DEBUG   ] discord.gateway: For Shard ID None: WebSocket Event: {'t': None, 's': None, 'op': 11, 'd': None}
[2025-09-14 18:25:19] [DEBUG   ] discord.gateway: Keeping shard ID None websocket alive with sequence 7.
[2025-09-14 18:25:19] [DEBUG   ] discord.gateway: For Shard ID None: WebSocket Event: {'t': None, 's': None, 'op': 11, 'd': None}
[2025-09-14 18:26:00] [DEBUG   ] discord.gateway: Keeping shard ID None websocket alive with sequence 7.
[2025-09-14 18:26:00] [DEBUG   ] discord.gateway: For Shard ID None: WebSocket Event: {'t': None, 's': None, 'op': 11, 'd': None}
[2025-09-14 18:26:41] [DEBUG   ] discord.gateway: Keeping shard ID None websocket alive with sequence 7.
[2025-09-14 18:26:42] [DEBUG   ] discord.gateway: For Shard ID None: WebSocket Event: {'t': None, 's': None, 'op': 11, 'd': None}
[2025-09-14 18:27:22] [DEBUG   ] discord.gateway: Keeping shard ID None websocket alive with sequence 7.
[2025-09-14 18:27:23] [DEBUG   ] discord.gateway: For Shard ID None: WebSocket Event: {'t': None, 's': None, 'op': 11, 'd': None}
[2025-09-14 18:28:04] [DEBUG   ] discord.gateway: Keeping shard ID None websocket alive with sequence 7.
[2025-09-14 18:28:04] [DEBUG   ] discord.gateway: For Shard ID None: WebSocket Event: {'t': None, 's': None, 'op': 11, 'd': None}
[2025-09-14 18:28:45] [DEBUG   ] discord.gateway: Keeping shard ID None websocket alive with sequence 7.
[2025-09-14 18:28:45] [DEBUG   ] discord.gateway: For Shard ID None: WebSocket Event: {'t': None, 's': None, 'op': 11, 'd': None}
[2025-09-14 18:29:26] [DEBUG   ] discord.gateway: Keeping shard ID None websocket alive with sequence 7.
[2025-09-14 18:29:27] [DEBUG   ] discord.gateway: For Shard ID None: WebSocket Event: {'t': None, 's': None, 'op': 11, 'd': None}
[2025-09-14 18:30:07] [DEBUG   ] discord.gateway: Keeping shard ID None websocket alive with sequence 7.
[2025-09-14 18:30:08] [DEBUG   ] discord.gateway: For Shard ID None: WebSocket Event: {'t': None, 's': None, 'op': 11, 'd': None}
[2025-09-14 18:30:49] [DEBUG   ] discord.gateway: Keeping shard ID None websocket alive with sequence 7.
[2025-09-14 18:30:49] [DEBUG   ] discord.gateway: For Shard ID None: WebSocket Event: {'t': None, 's': None, 'op': 11, 'd': None}
[2025-09-14 18:31:30] [DEBUG   ] discord.gateway: Keeping shard ID None websocket alive with sequence 7.
[2025-09-14 18:31:30] [DEBUG   ] discord.gateway: For Shard ID None: WebSocket Event: {'t': None, 's': None, 'op': 11, 'd': None}
[2025-09-14 18:32:11] [DEBUG   ] discord.gateway: Keeping shard ID None websocket alive with sequence 7.
[2025-09-14 18:32:12] [DEBUG   ] discord.gateway: For Shard ID None: WebSocket Event: {'t': None, 's': None, 'op': 11, 'd': None}
[2025-09-14 18:32:53] [DEBUG   ] discord.gateway: Keeping shard ID None websocket alive with sequence 7.
[2025-09-14 18:32:53] [DEBUG   ] discord.gateway: For Shard ID None: WebSocket Event: {'t': None, 's': None, 'op': 11, 'd': None}
[2025-09-14 18:33:34] [DEBUG   ] discord.gateway: Keeping shard ID None websocket alive with sequence 7.
[2025-09-14 18:33:34] [DEBUG   ] discord.gateway: For Shard ID None: WebSocket Event: {'t': None, 's': None, 'op': 11, 'd': None}
[2025-09-14 18:34:15] [DEBUG   ] discord.gateway: Keeping shard ID None websocket alive with sequence 7.
[2025-09-14 18:34:15] [DEBUG   ] discord.gateway: For Shard ID None: WebSocket Event: {'t': None, 's': None, 'op': 11, 'd': None}
[2025-09-14 18:34:56] [DEBUG   ] discord.gateway: Keeping shard ID None websocket alive with sequence 7.
[2025-09-14 18:34:57] [DEBUG   ] discord.gateway: For Shard ID None: WebSocket Event: {'t': None, 's': None, 'op': 11, 'd': None}
[2025-09-14 18:35:38] [DEBUG   ] discord.gateway: Keeping shard ID None websocket alive with sequence 7.
[2025-09-14 18:35:38] [DEBUG   ] discord.gateway: For Shard ID None: WebSocket Event: {'t': None, 's': None, 'op': 11, 'd': None}
[2025-09-14 18:36:19] [DEBUG   ] discord.gateway: Keeping shard ID None websocket alive with sequence 7.
[2025-09-14 18:36:19] [DEBUG   ] discord.gateway: For Shard ID None: WebSocket Event: {'t': None, 's': None, 'op': 11, 'd': None}
[2025-09-14 18:37:00] [DEBUG   ] discord.gateway: Keeping shard ID None websocket alive with sequence 7.
[2025-09-14 18:37:00] [DEBUG   ] discord.gateway: For Shard ID None: WebSocket Event: {'t': None, 's': None, 'op': 11, 'd': None}
[2025-09-14 18:37:41] [DEBUG   ] discord.gateway: Keeping shard ID None websocket alive with sequence 7.
[2025-09-14 18:37:42] [DEBUG   ] discord.gateway: For Shard ID None: WebSocket Event: {'t': None, 's': None, 'op': 11, 'd': None}
[2025-09-14 18:38:23] [DEBUG   ] discord.gateway: Keeping shard ID None websocket alive with sequence 7.
[2025-09-14 18:38:23] [DEBUG   ] discord.gateway: For Shard ID None: WebSocket Event: {'t': None, 's': None, 'op': 11, 'd': None}
[2025-09-14 18:39:04] [DEBUG   ] discord.gateway: Keeping shard ID None websocket alive with sequence 7.
[2025-09-14 18:39:04] [DEBUG   ] discord.gateway: For Shard ID None: WebSocket Event: {'t': None, 's': None, 'op': 11, 'd': None}
[2025-09-14 18:39:45] [DEBUG   ] discord.gateway: Keeping shard ID None websocket alive with sequence 7.
[2025-09-14 18:39:45] [DEBUG   ] discord.gateway: For Shard ID None: WebSocket Event: {'t': None, 's': None, 'op': 11, 'd': None}
[2025-09-14 18:40:26] [DEBUG   ] discord.gateway: Keeping shard ID None websocket alive with sequence 7.
[2025-09-14 18:40:27] [DEBUG   ] discord.gateway: For Shard ID None: WebSocket Event: {'t': None, 's': None, 'op': 11, 'd': None}
[2025-09-14 18:41:08] [DEBUG   ] discord.gateway: Keeping shard ID None websocket alive with sequence 7.
[2025-09-14 18:41:08] [DEBUG   ] discord.gateway: For Shard ID None: WebSocket Event: {'t': None, 's': None, 'op': 11, 'd': None}
[2025-09-14 18:41:49] [DEBUG   ] discord.gateway: Keeping shard ID None websocket alive with sequence 7.
[2025-09-14 18:41:49] [DEBUG   ] discord.gateway: For Shard ID None: WebSocket Event: {'t': None, 's': None, 'op': 11, 'd': None}
[2025-09-14 18:42:30] [DEBUG   ] discord.gateway: Keeping shard ID None websocket alive with sequence 7.
[2025-09-14 18:42:31] [DEBUG   ] discord.gateway: For Shard ID None: WebSocket Event: {'t': None, 's': None, 'op': 11, 'd': None}
[2025-09-14 18:43:11] [DEBUG   ] discord.gateway: Keeping shard ID None websocket alive with sequence 7.
[2025-09-14 18:43:12] [DEBUG   ] discord.gateway: For Shard ID None: WebSocket Event: {'t': None, 's': None, 'op': 11, 'd': None}
[2025-09-14 18:43:53] [DEBUG   ] discord.gateway: Keeping shard ID None websocket alive with sequence 7.
[2025-09-14 18:43:53] [DEBUG   ] discord.gateway: For Shard ID None: WebSocket Event: {'t': None, 's': None, 'op': 11, 'd': None}
[2025-09-14 18:44:34] [DEBUG   ] discord.gateway: Keeping shard ID None websocket alive with sequence 7.
[2025-09-14 18:44:34] [DEBUG   ] discord.gateway: For Shard ID None: WebSocket Event: {'t': None, 's': None, 'op': 11, 'd': None}
[2025-09-14 18:45:15] [DEBUG   ] discord.gateway: Keeping shard ID None websocket alive with sequence 7.
[2025-09-14 18:45:16] [DEBUG   ] discord.gateway: For Shard ID None: WebSocket Event: {'t': None, 's': None, 'op': 11, 'd': None}
[2025-09-14 18:45:56] [DEBUG   ] discord.gateway: Keeping shard ID None websocket alive with sequence 7.
[2025-09-14 18:45:57] [DEBUG   ] discord.gateway: For Shard ID None: WebSocket Event: {'t': None, 's': None, 'op': 11, 'd': None}
[2025-09-14 18:46:38] [DEBUG   ] discord.gateway: Keeping shard ID None websocket alive with sequence 7.
[2025-09-14 18:46:38] [DEBUG   ] discord.gateway: For Shard ID None: WebSocket Event: {'t': None, 's': None, 'op': 11, 'd': None}
[2025-09-14 18:47:19] [DEBUG   ] discord.gateway: Keeping shard ID None websocket alive with sequence 7.
[2025-09-14 18:47:19] [DEBUG   ] discord.gateway: For Shard ID None: WebSocket Event: {'t': None, 's': None, 'op': 11, 'd': None}
[2025-09-14 18:48:00] [DEBUG   ] discord.gateway: Keeping shard ID None websocket alive with sequence 7.
[2025-09-14 18:48:01] [DEBUG   ] discord.gateway: For Shard ID None: WebSocket Event: {'t': None, 's': None, 'op': 11, 'd': None}
[2025-09-14 18:48:41] [DEBUG   ] discord.gateway: Keeping shard ID None websocket alive with sequence 7.
[2025-09-14 18:48:42] [DEBUG   ] discord.gateway: For Shard ID None: WebSocket Event: {'t': None, 's': None, 'op': 11, 'd': None}
[2025-09-14 18:49:23] [DEBUG   ] discord.gateway: Keeping shard ID None websocket alive with sequence 7.
[2025-09-14 18:49:23] [DEBUG   ] discord.gateway: For Shard ID None: WebSocket Event: {'t': None, 's': None, 'op': 11, 'd': None}
[2025-09-14 18:50:04] [DEBUG   ] discord.gateway: Keeping shard ID None websocket alive with sequence 7.
[2025-09-14 18:50:04] [DEBUG   ] discord.gateway: For Shard ID None: WebSocket Event: {'t': None, 's': None, 'op': 11, 'd': None}
[2025-09-14 18:50:45] [DEBUG   ] discord.gateway: Keeping shard ID None websocket alive with sequence 7.
[2025-09-14 18:50:46] [DEBUG   ] discord.gateway: For Shard ID None: WebSocket Event: {'t': None, 's': None, 'op': 11, 'd': None}
[2025-09-14 18:51:27] [DEBUG   ] discord.gateway: Keeping shard ID None websocket alive with sequence 7.
[2025-09-14 18:51:27] [DEBUG   ] discord.gateway: For Shard ID None: WebSocket Event: {'t': None, 's': None, 'op': 11, 'd': None}
[2025-09-14 18:52:08] [DEBUG   ] discord.gateway: Keeping shard ID None websocket alive with sequence 7.
[2025-09-14 18:52:08] [DEBUG   ] discord.gateway: For Shard ID None: WebSocket Event: {'t': None, 's': None, 'op': 11, 'd': None}
[2025-09-14 18:52:49] [DEBUG   ] discord.gateway: Keeping shard ID None websocket alive with sequence 7.
[2025-09-14 18:52:49] [DEBUG   ] discord.gateway: For Shard ID None: WebSocket Event: {'t': None, 's': None, 'op': 11, 'd': None}
[2025-09-14 18:53:30] [DEBUG   ] discord.gateway: Keeping shard ID None websocket alive with sequence 7.
[2025-09-14 18:53:31] [DEBUG   ] discord.gateway: For Shard ID None: WebSocket Event: {'t': None, 's': None, 'op': 11, 'd': None}
[2025-09-14 18:54:12] [DEBUG   ] discord.gateway: Keeping shard ID None websocket alive with sequence 7.
[2025-09-14 18:54:12] [DEBUG   ] discord.gateway: For Shard ID None: WebSocket Event: {'t': None, 's': None, 'op': 11, 'd': None}
[2025-09-14 18:54:34] [DEBUG   ] discord.gateway: For Shard ID None: WebSocket Event: {'t': None, 's': None, 'op': 7, 'd': None}
[2025-09-14 18:54:34] [DEBUG   ] discord.gateway: Received RECONNECT opcode.
[2025-09-14 18:54:34] [DEBUG   ] discord.client: Got a request to RESUME the websocket.
[2025-09-14 18:54:34] [DEBUG   ] discord.client: Dispatching event disconnect
[2025-09-14 18:54:35] [DEBUG   ] discord.gateway: Created websocket connected to wss://gateway-us-east1-b.discord.gg
[2025-09-14 18:54:35] [DEBUG   ] discord.gateway: For Shard ID None: WebSocket Event: {'t': None, 's': None, 'op': 10, 'd': {'heartbeat_interval': 41250, '_trace': ['["gateway-prd-arm-us-east1-b-4jdh",{"micros":0.0}]']}}
[2025-09-14 18:54:35] [DEBUG   ] discord.gateway: Shard ID None has sent the RESUME payload.
[2025-09-14 18:54:35] [DEBUG   ] discord.gateway: For Shard ID None: WebSocket Event: {'t': None, 's': None, 'op': 11, 'd': None}
[2025-09-14 18:54:35] [DEBUG   ] discord.gateway: For Shard ID None: WebSocket Event: {'t': 'RESUMED', 's': 8, 'op': 0, 'd': {'_trace': ['["gateway-prd-arm-us-east1-b-4jdh",{"micros":548,"calls":["id_created",{"micros":0,"calls":[]},"session_lookup_time",{"micros":257,"calls":[]},"session_lookup_finished",{"micros":11,"calls":[]},"discord-sessions-prd-2-61",{"micros":19}]}]']}}
[2025-09-14 18:54:35] [DEBUG   ] discord.client: Dispatching event socket_event_type
[2025-09-14 18:54:35] [INFO    ] discord.gateway: Shard ID None has successfully RESUMED session acc064e20b0d4354a92937a3be855157.
[2025-09-14 18:54:35] [DEBUG   ] discord.client: Dispatching event resumed
[2025-09-14 18:55:16] [DEBUG   ] discord.gateway: Keeping shard ID None websocket alive with sequence 8.
[2025-09-14 18:55:17] [DEBUG   ] discord.gateway: For Shard ID None: WebSocket Event: {'t': None, 's': None, 'op': 11, 'd': None}
[2025-09-14 18:55:57] [DEBUG   ] discord.gateway: Keeping shard ID None websocket alive with sequence 8.
[2025-09-14 18:55:58] [DEBUG   ] discord.gateway: For Shard ID None: WebSocket Event: {'t': None, 's': None, 'op': 11, 'd': None}
[2025-09-14 18:56:39] [DEBUG   ] discord.gateway: Keeping shard ID None websocket alive with sequence 8.
[2025-09-14 18:56:39] [DEBUG   ] discord.gateway: For Shard ID None: WebSocket Event: {'t': None, 's': None, 'op': 11, 'd': None}
[2025-09-14 18:57:20] [DEBUG   ] discord.gateway: Keeping shard ID None websocket alive with sequence 8.
[2025-09-14 18:57:20] [DEBUG   ] discord.gateway: For Shard ID None: WebSocket Event: {'t': None, 's': None, 'op': 11, 'd': None}
[2025-09-14 18:58:01] [DEBUG   ] discord.gateway: Keeping shard ID None websocket alive with sequence 8.
[2025-09-14 18:58:02] [DEBUG   ] discord.gateway: For Shard ID None: WebSocket Event: {'t': None, 's': None, 'op': 11, 'd': None}
[2025-09-14 18:58:43] [DEBUG   ] discord.gateway: Keeping shard ID None websocket alive with sequence 8.
[2025-09-14 18:58:43] [DEBUG   ] discord.gateway: For Shard ID None: WebSocket Event: {'t': None, 's': None, 'op': 11, 'd': None}
[2025-09-14 18:59:24] [DEBUG   ] discord.gateway: Keeping shard ID None websocket alive with sequence 8.
[2025-09-14 18:59:24] [DEBUG   ] discord.gateway: For Shard ID None: WebSocket Event: {'t': None, 's': None, 'op': 11, 'd': None}
[2025-09-14 19:00:05] [DEBUG   ] discord.gateway: Keeping shard ID None websocket alive with sequence 8.
[2025-09-14 19:00:05] [DEBUG   ] discord.gateway: For Shard ID None: WebSocket Event: {'t': None, 's': None, 'op': 11, 'd': None}
[2025-09-14 19:00:46] [DEBUG   ] discord.gateway: Keeping shard ID None websocket alive with sequence 8.
[2025-09-14 19:00:47] [DEBUG   ] discord.gateway: For Shard ID None: WebSocket Event: {'t': None, 's': None, 'op': 11, 'd': None}
[2025-09-14 19:01:30] [DEBUG   ] discord.gateway: Keeping shard ID None websocket alive with sequence 8.
[2025-09-14 19:01:30] [DEBUG   ] discord.gateway: For Shard ID None: WebSocket Event: {'t': None, 's': None, 'op': 11, 'd': None}
[2025-09-14 19:02:11] [DEBUG   ] discord.gateway: Keeping shard ID None websocket alive with sequence 8.
[2025-09-14 19:02:11] [DEBUG   ] discord.gateway: For Shard ID None: WebSocket Event: {'t': None, 's': None, 'op': 11, 'd': None}
[2025-09-14 19:02:52] [DEBUG   ] discord.gateway: Keeping shard ID None websocket alive with sequence 8.
[2025-09-14 19:02:53] [DEBUG   ] discord.gateway: For Shard ID None: WebSocket Event: {'t': None, 's': None, 'op': 11, 'd': None}
[2025-09-14 19:03:34] [DEBUG   ] discord.gateway: Keeping shard ID None websocket alive with sequence 8.
[2025-09-14 19:03:34] [DEBUG   ] discord.gateway: For Shard ID None: WebSocket Event: {'t': None, 's': None, 'op': 11, 'd': None}
[2025-09-14 19:04:15] [DEBUG   ] discord.gateway: Keeping shard ID None websocket alive with sequence 8.
[2025-09-14 19:04:15] [DEBUG   ] discord.gateway: For Shard ID None: WebSocket Event: {'t': None, 's': None, 'op': 11, 'd': None}
[2025-09-14 19:04:56] [DEBUG   ] discord.gateway: Keeping shard ID None websocket alive with sequence 8.
[2025-09-14 19:04:56] [DEBUG   ] discord.gateway: For Shard ID None: WebSocket Event: {'t': None, 's': None, 'op': 11, 'd': None}
[2025-09-14 19:05:37] [DEBUG   ] discord.gateway: Keeping shard ID None websocket alive with sequence 8.
[2025-09-14 19:05:38] [DEBUG   ] discord.gateway: For Shard ID None: WebSocket Event: {'t': None, 's': None, 'op': 11, 'd': None}
[2025-09-14 19:06:19] [DEBUG   ] discord.gateway: Keeping shard ID None websocket alive with sequence 8.
[2025-09-14 19:06:19] [DEBUG   ] discord.gateway: For Shard ID None: WebSocket Event: {'t': None, 's': None, 'op': 11, 'd': None}
[2025-09-14 19:07:00] [DEBUG   ] discord.gateway: Keeping shard ID None websocket alive with sequence 8.
[2025-09-14 19:07:00] [DEBUG   ] discord.gateway: For Shard ID None: WebSocket Event: {'t': None, 's': None, 'op': 11, 'd': None}
[2025-09-14 19:07:41] [DEBUG   ] discord.gateway: Keeping shard ID None websocket alive with sequence 8.
[2025-09-14 19:07:41] [DEBUG   ] discord.gateway: For Shard ID None: WebSocket Event: {'t': None, 's': None, 'op': 11, 'd': None}
[2025-09-14 19:08:22] [DEBUG   ] discord.gateway: Keeping shard ID None websocket alive with sequence 8.
[2025-09-14 19:08:23] [DEBUG   ] discord.gateway: For Shard ID None: WebSocket Event: {'t': None, 's': None, 'op': 11, 'd': None}
[2025-09-14 19:09:04] [DEBUG   ] discord.gateway: Keeping shard ID None websocket alive with sequence 8.
[2025-09-14 19:09:04] [DEBUG   ] discord.gateway: For Shard ID None: WebSocket Event: {'t': None, 's': None, 'op': 11, 'd': None}
[2025-09-14 19:09:45] [DEBUG   ] discord.gateway: Keeping shard ID None websocket alive with sequence 8.
[2025-09-14 19:09:45] [DEBUG   ] discord.gateway: For Shard ID None: WebSocket Event: {'t': None, 's': None, 'op': 11, 'd': None}
[2025-09-14 19:10:26] [DEBUG   ] discord.gateway: Keeping shard ID None websocket alive with sequence 8.
[2025-09-14 19:10:27] [DEBUG   ] discord.gateway: For Shard ID None: WebSocket Event: {'t': None, 's': None, 'op': 11, 'd': None}
[2025-09-14 19:11:07] [DEBUG   ] discord.gateway: Keeping shard ID None websocket alive with sequence 8.
[2025-09-14 19:11:08] [DEBUG   ] discord.gateway: For Shard ID None: WebSocket Event: {'t': None, 's': None, 'op': 11, 'd': None}
[2025-09-14 19:11:49] [DEBUG   ] discord.gateway: Keeping shard ID None websocket alive with sequence 8.
[2025-09-14 19:11:49] [DEBUG   ] discord.gateway: For Shard ID None: WebSocket Event: {'t': None, 's': None, 'op': 11, 'd': None}
[2025-09-14 19:12:30] [DEBUG   ] discord.gateway: Keeping shard ID None websocket alive with sequence 8.
[2025-09-14 19:12:30] [DEBUG   ] discord.gateway: For Shard ID None: WebSocket Event: {'t': None, 's': None, 'op': 11, 'd': None}
[2025-09-14 19:13:11] [DEBUG   ] discord.gateway: Keeping shard ID None websocket alive with sequence 8.
[2025-09-14 19:13:12] [DEBUG   ] discord.gateway: For Shard ID None: WebSocket Event: {'t': None, 's': None, 'op': 11, 'd': None}
[2025-09-14 19:13:52] [DEBUG   ] discord.gateway: Keeping shard ID None websocket alive with sequence 8.
[2025-09-14 19:13:53] [DEBUG   ] discord.gateway: For Shard ID None: WebSocket Event: {'t': None, 's': None, 'op': 11, 'd': None}
[2025-09-14 19:14:34] [DEBUG   ] discord.gateway: Keeping shard ID None websocket alive with sequence 8.
[2025-09-14 19:14:34] [DEBUG   ] discord.gateway: For Shard ID None: WebSocket Event: {'t': None, 's': None, 'op': 11, 'd': None}
[2025-09-14 19:15:15] [DEBUG   ] discord.gateway: Keeping shard ID None websocket alive with sequence 8.
[2025-09-14 19:15:15] [DEBUG   ] discord.gateway: For Shard ID None: WebSocket Event: {'t': None, 's': None, 'op': 11, 'd': None}
[2025-09-14 19:15:56] [DEBUG   ] discord.gateway: Keeping shard ID None websocket alive with sequence 8.
[2025-09-14 19:15:57] [DEBUG   ] discord.gateway: For Shard ID None: WebSocket Event: {'t': None, 's': None, 'op': 11, 'd': None}
[2025-09-14 19:16:38] [DEBUG   ] discord.gateway: Keeping shard ID None websocket alive with sequence 8.
[2025-09-14 19:16:38] [DEBUG   ] discord.gateway: For Shard ID None: WebSocket Event: {'t': None, 's': None, 'op': 11, 'd': None}
[2025-09-14 19:17:19] [DEBUG   ] discord.gateway: Keeping shard ID None websocket alive with sequence 8.
[2025-09-14 19:17:19] [DEBUG   ] discord.gateway: For Shard ID None: WebSocket Event: {'t': None, 's': None, 'op': 11, 'd': None}
[2025-09-14 19:18:00] [DEBUG   ] discord.gateway: Keeping shard ID None websocket alive with sequence 8.
[2025-09-14 19:18:00] [DEBUG   ] discord.gateway: For Shard ID None: WebSocket Event: {'t': None, 's': None, 'op': 11, 'd': None}
[2025-09-14 19:18:41] [DEBUG   ] discord.gateway: Keeping shard ID None websocket alive with sequence 8.
[2025-09-14 19:18:42] [DEBUG   ] discord.gateway: For Shard ID None: WebSocket Event: {'t': None, 's': None, 'op': 11, 'd': None}
[2025-09-14 19:19:23] [DEBUG   ] discord.gateway: Keeping shard ID None websocket alive with sequence 8.
[2025-09-14 19:19:23] [DEBUG   ] discord.gateway: For Shard ID None: WebSocket Event: {'t': None, 's': None, 'op': 11, 'd': None}
